{"level":"info","message":"Successfully fetched modules list","timestamp":"2025-03-31T02:07:25.430Z"}
{"level":"info","message":"Successfully fetched modules list","timestamp":"2025-03-31T02:18:19.384Z"}
{"level":"info","message":"Successfully fetched modules list","timestamp":"2025-03-31T02:19:07.674Z"}
{"level":"info","message":"Successfully fetched modules list","timestamp":"2025-03-31T02:25:07.011Z"}
{"level":"error","message":"Error adding new module: Validation error","timestamp":"2025-03-31T02:31:04.178Z"}
{"level":"error","message":"Error adding new module: Validation error","timestamp":"2025-03-31T02:31:53.940Z"}
{"level":"error","message":"Error adding new module: Validation error","timestamp":"2025-03-31T02:33:48.340Z"}
{"level":"error","message":"Error adding new module: Validation error","timestamp":"2025-03-31T02:34:01.968Z"}
{"level":"error","message":"Error adding new module: Validation error","timestamp":"2025-03-31T02:37:10.004Z"}
{"level":"error","message":"Error adding new module: Validation error","timestamp":"2025-03-31T02:38:16.523Z"}
{"level":"error","message":"Error adding new module: Validation error","timestamp":"2025-03-31T02:39:46.839Z"}
{"level":"error","message":"Error adding new module: Validation error","timestamp":"2025-03-31T02:39:52.588Z"}
{"level":"error","message":"Error adding new module: Validation error","timestamp":"2025-03-31T02:39:55.817Z"}
{"level":"error","message":"Error adding new module: Validation error","timestamp":"2025-03-31T02:39:59.207Z"}
{"level":"info","message":"Added new module successfully","timestamp":"2025-03-31T02:40:02.610Z"}
{"level":"error","message":"Error updating module: Module not found","timestamp":"2025-03-31T02:41:46.421Z"}
{"level":"info","message":"Added new module successfully","timestamp":"2025-03-31T02:42:08.561Z"}
{"level":"error","message":"Error adding new module: Validation error: Validation min on credits failed","timestamp":"2025-03-31T02:51:15.806Z"}
{"level":"error","message":"Error adding new module: Validation error: Validation min on credits failed","timestamp":"2025-03-31T02:52:16.959Z"}
{"level":"error","message":"Error adding new module: Validation error: Validation min on credits failed","timestamp":"2025-03-31T02:53:06.661Z"}
{"level":"error","message":"Error adding new module: Validation error: Validation min on credits failed","timestamp":"2025-03-31T02:54:02.337Z"}
{"level":"info","message":"Successfully fetched faculties list","timestamp":"2025-03-31T03:09:43.737Z"}
{"level":"info","message":"Successfully fetched students list","timestamp":"2025-03-31T03:09:43.744Z"}
{"level":"info","message":"Successfully fetched faculties list","timestamp":"2025-03-31T03:18:41.722Z"}
{"level":"info","message":"Successfully fetched students list","timestamp":"2025-03-31T03:18:41.731Z"}
{"level":"info","message":"Fetched status list successfully","timestamp":"2025-03-31T03:18:44.419Z"}
{"level":"info","message":"Fetching all courses","timestamp":"2025-03-31T03:18:48.068Z"}
{"level":"info","message":"Fetched list of configurations successfully","timestamp":"2025-03-31T03:18:48.071Z"}
{"level":"info","message":"Successfully fetched faculties list","timestamp":"2025-03-31T03:18:48.073Z"}
{"level":"info","message":"Courses fetched successfully","timestamp":"2025-03-31T03:18:48.075Z"}
{"level":"info","message":"Fetched status list successfully","timestamp":"2025-03-31T03:18:48.078Z"}
{"level":"info","message":"Fetched list of status successfully","timestamp":"2025-03-31T03:18:48.079Z"}
{"level":"info","message":"Successfully fetched faculties list","timestamp":"2025-03-31T03:20:58.340Z"}
{"level":"info","message":"Successfully fetched students list","timestamp":"2025-03-31T03:20:58.349Z"}
{"level":"info","message":"Fetched status list successfully","timestamp":"2025-03-31T03:20:58.923Z"}
{"level":"info","message":"Successfully fetched faculties list","timestamp":"2025-03-31T03:21:03.841Z"}
{"level":"info","message":"Successfully fetched students list","timestamp":"2025-03-31T03:21:03.845Z"}
{"level":"info","message":"Successfully fetched faculties list","timestamp":"2025-03-31T03:21:07.438Z"}
{"level":"info","message":"Successfully fetched students list","timestamp":"2025-03-31T03:21:07.448Z"}
{"level":"error","message":"Error checking module age: Module not found","timestamp":"2025-03-31T03:24:50.406Z"}
{"level":"error","message":"Error updating module: Validation error: Validation min on credits failed","timestamp":"2025-03-31T03:27:29.470Z"}
{"level":"error","message":"Error updating module: Validation error: Validation min on credits failed","timestamp":"2025-03-31T03:27:35.751Z"}
{"level":"info","message":"Module has no linked classes","timestamp":"2025-03-31T03:42:47.877Z"}
{"level":"info","message":"Module has linked classes","timestamp":"2025-03-31T03:42:54.490Z"}
{"level":"info","message":"Module has no linked classes","timestamp":"2025-03-31T03:46:15.195Z"}
{"level":"info","message":"Deleted module successfully","timestamp":"2025-03-31T03:46:15.201Z"}
{"level":"error","message":"Error fetching module by ID: Module not found","timestamp":"2025-03-31T03:46:19.561Z"}
{"level":"info","message":"Successfully fetched modules list","timestamp":"2025-03-31T03:46:22.392Z"}
{"level":"info","message":"Successfully fetched classes list","timestamp":"2025-03-31T04:05:37.583Z"}
{"level":"info","message":"Successfully fetched classes list","timestamp":"2025-03-31T04:06:40.119Z"}
{"level":"info","message":"Successfully fetched classes list","timestamp":"2025-03-31T04:17:02.966Z"}
{"level":"info","message":"Created new class successfully","timestamp":"2025-03-31T04:18:07.998Z"}
{"level":"info","message":"Deleted class with ID: 6","timestamp":"2025-03-31T04:18:28.057Z"}
{"level":"info","message":"Successfully fetched faculties list","timestamp":"2025-03-31T04:26:35.515Z"}
{"level":"info","message":"Successfully fetched students list","timestamp":"2025-03-31T04:26:35.536Z"}
{"level":"info","message":"Successfully fetched faculties list","timestamp":"2025-03-31T04:27:45.447Z"}
{"level":"info","message":"Successfully fetched students list","timestamp":"2025-03-31T04:27:45.459Z"}
{"level":"info","message":"Import Excel thành công","timestamp":"2025-03-31T04:28:18.303Z"}
{"level":"info","message":"Successfully fetched faculties list","timestamp":"2025-03-31T04:28:22.337Z"}
{"level":"info","message":"Successfully fetched students list","timestamp":"2025-03-31T04:28:22.523Z"}
{"level":"info","message":"Successfully fetched faculties list","timestamp":"2025-03-31T04:28:47.398Z"}
{"level":"info","message":"Successfully fetched students list","timestamp":"2025-03-31T04:28:47.471Z"}
{"level":"info","message":"Student deleted successfully","timestamp":"2025-03-31T04:28:55.343Z"}
{"level":"info","message":"Student deleted successfully","timestamp":"2025-03-31T04:28:59.331Z"}
{"level":"info","message":"Successfully fetched students list","timestamp":"2025-03-31T04:29:01.417Z"}
{"level":"info","message":"Successfully fetched faculties list","timestamp":"2025-03-31T04:29:01.595Z"}
{"level":"info","message":"Successfully fetched faculties list","timestamp":"2025-03-31T04:29:10.886Z"}
{"level":"info","message":"Successfully fetched students list","timestamp":"2025-03-31T04:29:10.892Z"}
{"level":"info","message":"Import JSON thành công","timestamp":"2025-03-31T04:57:36.370Z"}
{"level":"info","message":"Successfully fetched faculties list","timestamp":"2025-03-31T04:57:39.737Z"}
{"level":"info","message":"Successfully fetched students list","timestamp":"2025-03-31T04:57:39.745Z"}
{"level":"info","message":"Successfully fetched faculties list","timestamp":"2025-03-31T06:02:52.066Z"}
{"level":"info","message":"Successfully fetched students list","timestamp":"2025-03-31T06:02:52.093Z"}
{"level":"info","message":"Successfully fetched class registration list","timestamp":"2025-03-31T06:20:15.422Z"}
{"level":"info","message":"Successfully fetched classes list","timestamp":"2025-03-31T06:21:09.145Z"}
{"level":"info","message":"Successfully fetched class registration list","timestamp":"2025-03-31T06:21:11.572Z"}
{"level":"info","message":"Successfully fetched class registration list","timestamp":"2025-03-31T06:22:25.574Z"}
{"level":"info","message":"Successfully fetched class registration list","timestamp":"2025-03-31T06:25:03.716Z"}
{"level":"info","message":"Successfully fetched class registration list","timestamp":"2025-03-31T06:25:41.075Z"}
{"level":"error","message":"Error creating new registration: Validation error","timestamp":"2025-03-31T06:30:24.926Z"}
{"level":"error","message":"Error creating new registration: Validation error","timestamp":"2025-03-31T06:30:26.778Z"}
{"level":"error","message":"Error creating new registration: Validation error","timestamp":"2025-03-31T06:30:27.615Z"}
{"level":"error","message":"Error creating new registration: Validation error","timestamp":"2025-03-31T06:30:28.335Z"}
{"level":"error","message":"Error creating new registration: Validation error","timestamp":"2025-03-31T06:30:28.995Z"}
{"level":"error","message":"Error creating new registration: Validation error","timestamp":"2025-03-31T06:30:29.677Z"}
{"level":"error","message":"Error creating new registration: Validation error","timestamp":"2025-03-31T06:30:30.325Z"}
{"level":"error","message":"Error creating new registration: Validation error","timestamp":"2025-03-31T06:30:31.014Z"}
{"level":"error","message":"Error creating new registration: Validation error","timestamp":"2025-03-31T06:30:31.705Z"}
{"level":"error","message":"Error creating new registration: Validation error","timestamp":"2025-03-31T06:30:32.345Z"}
{"level":"error","message":"Error creating new registration: Validation error","timestamp":"2025-03-31T06:30:33.005Z"}
{"level":"error","message":"Error creating new registration: Validation error","timestamp":"2025-03-31T06:30:38.575Z"}
{"level":"error","message":"Error creating new registration: Validation error","timestamp":"2025-03-31T06:30:39.314Z"}
{"level":"error","message":"Error creating new registration: Validation error","timestamp":"2025-03-31T06:30:40.054Z"}
{"level":"error","message":"Error creating new registration: Validation error","timestamp":"2025-03-31T06:30:40.827Z"}
{"level":"error","message":"Error creating new registration: Validation error","timestamp":"2025-03-31T06:30:41.364Z"}
{"level":"info","message":"Created new registration successfully","timestamp":"2025-03-31T06:31:16.336Z"}
{"level":"info","message":"Created new registration successfully","timestamp":"2025-03-31T06:46:47.031Z"}
{"level":"info","message":"Deleted registration with ID: 29","timestamp":"2025-03-31T06:49:53.171Z"}
{"level":"info","message":"Created new registration successfully","timestamp":"2025-03-31T06:53:47.368Z"}
{"level":"info","message":"Deleted registration with ID: 30 and saved cancellation reason","timestamp":"2025-03-31T06:54:16.561Z"}
{"level":"info","message":"Successfully fetched classes list","timestamp":"2025-03-31T07:35:47.921Z"}
{"level":"info","message":"Created new class successfully","timestamp":"2025-03-31T07:36:58.313Z"}
{"level":"info","message":"Successfully fetched modules list","timestamp":"2025-03-31T07:45:56.509Z"}
{"level":"error","message":"Error checking registered students: ClassRegistration is associated to Class using an alias. You must use the 'as' keyword to specify the alias within your include statement.","timestamp":"2025-03-31T07:46:19.815Z"}
{"level":"info","message":"Module has no registered students","timestamp":"2025-03-31T07:47:47.181Z"}
{"level":"info","message":"Module has registered students","timestamp":"2025-03-31T07:49:15.680Z"}
{"level":"info","message":"Module has no registered students","timestamp":"2025-03-31T07:49:25.198Z"}
{"level":"info","message":"Module has no registered students","timestamp":"2025-03-31T07:49:29.262Z"}
{"level":"error","message":"Error fetching student grades: column \"nan\" does not exist","timestamp":"2025-03-31T08:14:28.774Z"}
{"level":"error","message":"Error exporting grades: Error fetching student grades: column \"nan\" does not exist","timestamp":"2025-03-31T08:14:28.790Z"}
{"level":"error","message":"Error fetching student grades: column \"nan\" does not exist","timestamp":"2025-03-31T08:15:25.683Z"}
{"level":"error","message":"Error exporting grades: Error fetching student grades: column \"nan\" does not exist","timestamp":"2025-03-31T08:15:25.696Z"}
{"level":"error","message":"Error fetching student grades: column \"nan\" does not exist","timestamp":"2025-03-31T08:16:00.193Z"}
{"level":"error","message":"Error exporting grades: Error fetching student grades: column \"nan\" does not exist","timestamp":"2025-03-31T08:16:00.206Z"}
{"level":"error","message":"Error fetching student grades: column \"nan\" does not exist","timestamp":"2025-03-31T08:16:27.611Z"}
{"level":"error","message":"Error exporting grades: Error fetching student grades: column \"nan\" does not exist","timestamp":"2025-03-31T08:16:27.626Z"}
{"level":"error","message":"Error fetching student grades: No grades found for the student","timestamp":"2025-03-31T08:19:32.361Z"}
{"level":"error","message":"Error exporting grades: Error fetching student grades: No grades found for the student","timestamp":"2025-03-31T08:19:32.365Z"}
{"level":"error","message":"Error fetching student grades: No grades found for the student","timestamp":"2025-03-31T08:19:58.735Z"}
{"level":"error","message":"Error exporting grades: Error fetching student grades: No grades found for the student","timestamp":"2025-03-31T08:19:58.743Z"}
{"level":"info","message":"Successfully fetched faculties list","timestamp":"2025-04-05T20:35:43.054Z"}
{"level":"info","message":"Successfully fetched students list","timestamp":"2025-04-05T20:35:43.060Z"}
{"level":"info","message":"Successfully fetched faculties list","timestamp":"2025-04-05T20:39:37.147Z"}
{"level":"info","message":"Fetching all courses","timestamp":"2025-04-05T21:18:31.325Z"}
{"level":"info","message":"Fetched list of configurations successfully","timestamp":"2025-04-05T21:18:32.614Z"}
{"level":"info","message":"Fetched status list successfully","timestamp":"2025-04-05T21:18:32.666Z"}
{"level":"info","message":"Fetched list of status successfully","timestamp":"2025-04-05T21:18:32.666Z"}
{"level":"info","message":"Courses fetched successfully","timestamp":"2025-04-05T21:18:32.736Z"}
{"level":"info","message":"Successfully fetched faculties list","timestamp":"2025-04-05T21:18:32.773Z"}
{"level":"info","message":"Student with ID 1 found","timestamp":"2025-04-05T21:18:34.882Z"}
{"level":"info","message":"Fetching all courses","timestamp":"2025-04-05T21:18:35.035Z"}
{"level":"info","message":"Fetched list of configurations successfully","timestamp":"2025-04-05T21:18:35.210Z"}
{"level":"info","message":"Successfully fetched faculties list","timestamp":"2025-04-05T21:18:35.212Z"}
{"level":"info","message":"Courses fetched successfully","timestamp":"2025-04-05T21:18:35.214Z"}
{"level":"info","message":"Fetched status list successfully","timestamp":"2025-04-05T21:18:35.217Z"}
{"level":"info","message":"Fetched list of status successfully","timestamp":"2025-04-05T21:18:35.217Z"}
{"level":"info","message":"Student with ID 1 found","timestamp":"2025-04-05T21:18:41.723Z"}
{"level":"info","message":"Fetching all courses","timestamp":"2025-04-05T21:18:41.870Z"}
{"level":"info","message":"Courses fetched successfully","timestamp":"2025-04-05T21:18:42.043Z"}
{"level":"info","message":"Fetched list of configurations successfully","timestamp":"2025-04-05T21:18:42.044Z"}
{"level":"info","message":"Successfully fetched faculties list","timestamp":"2025-04-05T21:18:42.048Z"}
{"level":"info","message":"Fetched status list successfully","timestamp":"2025-04-05T21:18:42.049Z"}
{"level":"info","message":"Fetched list of status successfully","timestamp":"2025-04-05T21:18:42.049Z"}
{"level":"info","message":"Student with ID 1 found","timestamp":"2025-04-05T21:21:56.080Z"}
{"level":"info","message":"Fetching all courses","timestamp":"2025-04-05T21:21:56.288Z"}
{"level":"info","message":"Successfully fetched faculties list","timestamp":"2025-04-05T21:21:56.465Z"}
{"level":"info","message":"Courses fetched successfully","timestamp":"2025-04-05T21:21:56.645Z"}
{"level":"info","message":"Fetched status list successfully","timestamp":"2025-04-05T21:21:56.818Z"}
{"level":"info","message":"Fetched list of status successfully","timestamp":"2025-04-05T21:21:56.818Z"}
{"level":"info","message":"Fetched list of configurations successfully","timestamp":"2025-04-05T21:21:56.995Z"}
{"level":"info","message":"Fetched status list successfully","timestamp":"2025-04-05T21:22:00.585Z"}
{"level":"info","message":"Fetched status list successfully","timestamp":"2025-04-05T21:46:55.747Z"}
{"level":"info","message":"Fetched status list successfully","timestamp":"2025-04-05T21:48:37.532Z"}
{"level":"info","message":"Fetched status list successfully","timestamp":"2025-04-05T21:49:06.339Z"}
{"level":"info","message":"Fetched status list successfully","timestamp":"2025-04-05T21:49:45.701Z"}
{"level":"info","message":"Fetched status list successfully","timestamp":"2025-04-05T21:49:54.713Z"}
{"level":"info","message":"Fetched status list successfully","timestamp":"2025-04-05T21:50:17.989Z"}
{"level":"info","message":"Fetched status list successfully","timestamp":"2025-04-05T21:51:08.984Z"}
{"level":"info","message":"Fetched status list successfully","timestamp":"2025-04-05T21:51:29.976Z"}
{"level":"info","message":"Fetched status list successfully","timestamp":"2025-04-05T22:17:26.272Z"}
{"level":"info","message":"Fetched status list successfully","timestamp":"2025-04-05T22:18:20.124Z"}
{"level":"info","message":"Fetched status list successfully","timestamp":"2025-04-05T22:19:41.268Z"}
{"level":"info","message":"Fetched status list successfully","timestamp":"2025-04-05T22:20:49.960Z"}
{"level":"info","message":"Successfully fetched faculties list","timestamp":"2025-04-05T22:20:54.046Z"}
{"level":"info","message":"Successfully fetched modules list","timestamp":"2025-04-05T22:20:54.316Z"}
{"level":"info","message":"Fetched status list successfully","timestamp":"2025-04-05T22:21:23.862Z"}
{"level":"info","message":"Successfully fetched faculties list","timestamp":"2025-04-05T22:21:27.017Z"}
{"level":"info","message":"Successfully fetched modules list","timestamp":"2025-04-05T22:21:27.228Z"}
{"level":"info","message":"Fetched status list successfully","timestamp":"2025-04-05T22:22:11.460Z"}
{"level":"info","message":"Successfully fetched faculties list","timestamp":"2025-04-05T22:22:15.515Z"}
{"level":"info","message":"Successfully fetched modules list","timestamp":"2025-04-05T22:22:15.761Z"}
{"level":"info","message":"Fetched status list successfully","timestamp":"2025-04-05T22:23:50.275Z"}
{"level":"info","message":"Successfully fetched faculties list","timestamp":"2025-04-05T22:23:54.166Z"}
{"level":"info","message":"Successfully fetched modules list","timestamp":"2025-04-05T22:23:54.348Z"}
{"level":"info","message":"Successfully fetched faculties list","timestamp":"2025-04-05T22:23:55.295Z"}
{"level":"info","message":"Successfully fetched modules list","timestamp":"2025-04-05T22:23:55.487Z"}
{"level":"info","message":"Fetched status list successfully","timestamp":"2025-04-05T22:24:22.030Z"}
{"level":"info","message":"Successfully fetched faculties list","timestamp":"2025-04-05T22:24:24.349Z"}
{"level":"info","message":"Successfully fetched modules list","timestamp":"2025-04-05T22:24:24.584Z"}
{"level":"info","message":"Fetched status list successfully","timestamp":"2025-04-05T22:24:55.201Z"}
{"level":"info","message":"Successfully fetched faculties list","timestamp":"2025-04-05T22:24:58.842Z"}
{"level":"info","message":"Successfully fetched modules list","timestamp":"2025-04-05T22:24:59.032Z"}
{"level":"info","message":"Successfully fetched faculties list","timestamp":"2025-04-05T22:25:29.300Z"}
{"level":"info","message":"Successfully fetched faculties list","timestamp":"2025-04-05T22:25:29.503Z"}
{"level":"info","message":"Successfully fetched modules list","timestamp":"2025-04-05T22:25:29.680Z"}
{"level":"info","message":"Successfully fetched faculties list","timestamp":"2025-04-05T22:25:29.922Z"}
{"level":"info","message":"Successfully fetched modules list","timestamp":"2025-04-05T22:25:30.125Z"}
{"level":"info","message":"Successfully fetched modules list","timestamp":"2025-04-05T22:25:30.793Z"}
{"level":"info","message":"Successfully fetched faculties list","timestamp":"2025-04-05T22:25:38.309Z"}
{"level":"info","message":"Successfully fetched modules list","timestamp":"2025-04-05T22:25:38.515Z"}
{"level":"info","message":"Added new module successfully","timestamp":"2025-04-05T22:26:36.971Z"}
{"level":"info","message":"Fetched status list successfully","timestamp":"2025-04-05T22:26:40.774Z"}
{"level":"info","message":"Fetched status list successfully","timestamp":"2025-04-05T22:26:48.045Z"}
{"level":"info","message":"Successfully fetched faculties list","timestamp":"2025-04-05T22:26:55.826Z"}
{"level":"info","message":"Successfully fetched modules list","timestamp":"2025-04-05T22:26:56.053Z"}
{"level":"info","message":"Fetched status list successfully","timestamp":"2025-04-05T22:27:09.736Z"}
{"level":"info","message":"Fetched status list successfully","timestamp":"2025-04-05T22:29:58.817Z"}
{"level":"info","message":"Fetched status list successfully","timestamp":"2025-04-05T22:33:46.159Z"}
{"level":"info","message":"Fetched status list successfully","timestamp":"2025-04-05T22:36:30.095Z"}
{"level":"info","message":"Fetched status list successfully","timestamp":"2025-04-05T22:40:19.011Z"}
{"level":"info","message":"Fetched status list successfully","timestamp":"2025-04-05T22:41:38.209Z"}
{"level":"info","message":"Fetched status list successfully","timestamp":"2025-04-05T22:44:04.963Z"}
{"level":"info","message":"Fetched status list successfully","timestamp":"2025-04-05T22:45:46.747Z"}
{"level":"info","message":"Fetched status list successfully","timestamp":"2025-04-05T22:46:17.774Z"}
{"level":"info","message":"Successfully fetched faculties list","timestamp":"2025-04-05T22:46:22.533Z"}
{"level":"info","message":"Successfully fetched modules list","timestamp":"2025-04-05T22:46:22.720Z"}
{"level":"info","message":"Fetched status list successfully","timestamp":"2025-04-05T22:53:31.503Z"}
{"level":"info","message":"Successfully fetched faculties list","timestamp":"2025-04-05T22:53:36.077Z"}
{"level":"info","message":"Successfully fetched modules list","timestamp":"2025-04-05T22:53:36.261Z"}
{"level":"info","message":"Fetched status list successfully","timestamp":"2025-04-05T22:53:46.588Z"}
{"level":"info","message":"Successfully fetched faculties list","timestamp":"2025-04-05T22:53:50.285Z"}
{"level":"info","message":"Successfully fetched modules list","timestamp":"2025-04-05T22:53:50.497Z"}
{"level":"info","message":"Fetched status list successfully","timestamp":"2025-04-05T23:00:48.084Z"}
{"level":"info","message":"Fetched status list successfully","timestamp":"2025-04-05T23:01:27.712Z"}
{"level":"info","message":"Fetched status list successfully","timestamp":"2025-04-05T23:02:31.712Z"}
{"level":"info","message":"Successfully fetched faculties list","timestamp":"2025-04-05T23:02:38.778Z"}
{"level":"info","message":"Successfully fetched modules list","timestamp":"2025-04-05T23:02:39.020Z"}
{"level":"info","message":"Fetched status list successfully","timestamp":"2025-04-05T23:03:27.418Z"}
{"level":"info","message":"Successfully fetched faculties list","timestamp":"2025-04-05T23:03:32.035Z"}
{"level":"info","message":"Successfully fetched modules list","timestamp":"2025-04-05T23:03:32.239Z"}
{"level":"info","message":"Fetched status list successfully","timestamp":"2025-04-05T23:05:55.904Z"}
{"level":"info","message":"Fetched status list successfully","timestamp":"2025-04-05T23:05:56.437Z"}
{"level":"info","message":"Successfully fetched faculties list","timestamp":"2025-04-05T23:06:02.611Z"}
{"level":"info","message":"Successfully fetched modules list","timestamp":"2025-04-05T23:06:02.614Z"}
{"level":"info","message":"Fetched status list successfully","timestamp":"2025-04-05T23:06:56.931Z"}
{"level":"info","message":"Successfully fetched faculties list","timestamp":"2025-04-05T23:07:00.927Z"}
{"level":"info","message":"Successfully fetched modules list","timestamp":"2025-04-05T23:07:01.100Z"}
{"level":"info","message":"Successfully fetched modules list","timestamp":"2025-04-05T23:07:03.778Z"}
{"level":"info","message":"Successfully fetched faculties list","timestamp":"2025-04-05T23:07:03.781Z"}
{"level":"info","message":"Fetched status list successfully","timestamp":"2025-04-05T23:07:20.074Z"}
{"level":"info","message":"Successfully fetched faculties list","timestamp":"2025-04-05T23:07:25.822Z"}
{"level":"info","message":"Successfully fetched modules list","timestamp":"2025-04-05T23:07:26.020Z"}
{"level":"info","message":"Fetched status list successfully","timestamp":"2025-04-05T23:08:46.614Z"}
{"level":"info","message":"Fetched status list successfully","timestamp":"2025-04-05T23:08:47.729Z"}
{"level":"info","message":"Successfully fetched modules list","timestamp":"2025-04-05T23:08:53.465Z"}
{"level":"info","message":"Successfully fetched faculties list","timestamp":"2025-04-05T23:08:53.637Z"}
{"level":"info","message":"Fetched status list successfully","timestamp":"2025-04-05T23:09:52.345Z"}
{"level":"info","message":"Successfully fetched modules list","timestamp":"2025-04-05T23:10:00.695Z"}
{"level":"info","message":"Successfully fetched faculties list","timestamp":"2025-04-05T23:10:00.867Z"}
{"level":"info","message":"Fetched status list successfully","timestamp":"2025-04-05T23:10:52.660Z"}
{"level":"info","message":"Successfully fetched faculties list","timestamp":"2025-04-05T23:10:57.473Z"}
{"level":"info","message":"Successfully fetched modules list","timestamp":"2025-04-05T23:10:57.652Z"}
{"level":"info","message":"Fetched status list successfully","timestamp":"2025-04-05T23:12:25.128Z"}
{"level":"info","message":"Successfully fetched faculties list","timestamp":"2025-04-05T23:12:29.634Z"}
{"level":"info","message":"Successfully fetched modules list","timestamp":"2025-04-05T23:12:29.808Z"}
{"level":"info","message":"Fetched status list successfully","timestamp":"2025-04-05T23:13:07.317Z"}
{"level":"info","message":"Successfully fetched faculties list","timestamp":"2025-04-05T23:13:11.304Z"}
{"level":"info","message":"Successfully fetched modules list","timestamp":"2025-04-05T23:13:11.483Z"}
{"level":"info","message":"Fetched status list successfully","timestamp":"2025-04-05T23:13:54.393Z"}
{"level":"info","message":"Successfully fetched faculties list","timestamp":"2025-04-05T23:13:58.590Z"}
{"level":"info","message":"Successfully fetched modules list","timestamp":"2025-04-05T23:13:58.833Z"}
{"level":"info","message":"Fetched status list successfully","timestamp":"2025-04-05T23:15:08.969Z"}
{"level":"info","message":"Successfully fetched faculties list","timestamp":"2025-04-05T23:15:14.303Z"}
{"level":"info","message":"Successfully fetched modules list","timestamp":"2025-04-05T23:15:14.500Z"}
{"level":"info","message":"Fetched status list successfully","timestamp":"2025-04-05T23:16:34.474Z"}
{"level":"info","message":"Successfully fetched faculties list","timestamp":"2025-04-05T23:16:38.784Z"}
{"level":"info","message":"Successfully fetched modules list","timestamp":"2025-04-05T23:16:38.957Z"}
{"level":"info","message":"Fetched status list successfully","timestamp":"2025-04-05T23:20:51.196Z"}
{"level":"info","message":"Fetched status list successfully","timestamp":"2025-04-05T23:22:10.879Z"}
{"level":"info","message":"Successfully fetched faculties list","timestamp":"2025-04-05T23:22:16.895Z"}
{"level":"info","message":"Successfully fetched modules list","timestamp":"2025-04-05T23:22:17.069Z"}
{"level":"info","message":"Fetched status list successfully","timestamp":"2025-04-05T23:22:30.832Z"}
{"level":"info","message":"Successfully fetched faculties list","timestamp":"2025-04-05T23:24:12.612Z"}
{"level":"info","message":"Successfully fetched modules list","timestamp":"2025-04-05T23:24:12.815Z"}
{"level":"info","message":"Fetched status list successfully","timestamp":"2025-04-05T23:25:43.549Z"}
{"level":"info","message":"Successfully fetched faculties list","timestamp":"2025-04-05T23:25:48.265Z"}
{"level":"info","message":"Successfully fetched modules list","timestamp":"2025-04-05T23:25:48.468Z"}
{"level":"info","message":"Fetched status list successfully","timestamp":"2025-04-05T23:28:07.629Z"}
{"level":"info","message":"Successfully fetched faculties list","timestamp":"2025-04-05T23:28:11.111Z"}
{"level":"info","message":"Successfully fetched modules list","timestamp":"2025-04-05T23:28:11.284Z"}
{"level":"info","message":"Fetched status list successfully","timestamp":"2025-04-05T23:28:30.133Z"}
{"level":"info","message":"Successfully fetched faculties list","timestamp":"2025-04-05T23:28:33.846Z"}
{"level":"info","message":"Successfully fetched modules list","timestamp":"2025-04-05T23:28:34.051Z"}
{"level":"info","message":"Successfully fetched modules list","timestamp":"2025-04-05T23:28:41.013Z"}
{"level":"info","message":"Successfully fetched faculties list","timestamp":"2025-04-05T23:28:41.015Z"}
{"level":"info","message":"Module has no registered students","timestamp":"2025-04-05T23:28:44.086Z"}
{"level":"info","message":"Fetched status list successfully","timestamp":"2025-04-05T23:29:17.467Z"}
{"level":"info","message":"Successfully fetched faculties list","timestamp":"2025-04-05T23:29:21.154Z"}
{"level":"info","message":"Successfully fetched modules list","timestamp":"2025-04-05T23:29:21.330Z"}
{"level":"info","message":"Module has no registered students","timestamp":"2025-04-05T23:29:25.863Z"}
{"level":"info","message":"Fetched status list successfully","timestamp":"2025-04-05T23:33:40.535Z"}
{"level":"info","message":"Successfully fetched faculties list","timestamp":"2025-04-05T23:33:46.680Z"}
{"level":"info","message":"Successfully fetched modules list","timestamp":"2025-04-05T23:33:46.886Z"}
{"level":"info","message":"Module has no registered students","timestamp":"2025-04-05T23:33:50.653Z"}
{"level":"info","message":"Fetched status list successfully","timestamp":"2025-04-05T23:34:23.522Z"}
{"level":"info","message":"Successfully fetched faculties list","timestamp":"2025-04-05T23:34:42.489Z"}
{"level":"info","message":"Successfully fetched modules list","timestamp":"2025-04-05T23:34:42.668Z"}
{"level":"info","message":"Successfully fetched faculties list","timestamp":"2025-04-05T23:34:43.109Z"}
{"level":"info","message":"Successfully fetched modules list","timestamp":"2025-04-05T23:34:43.288Z"}
{"level":"info","message":"Module has no registered students","timestamp":"2025-04-05T23:34:54.368Z"}
{"level":"info","message":"Successfully fetched faculties list","timestamp":"2025-04-05T23:35:00.082Z"}
{"level":"info","message":"Successfully fetched modules list","timestamp":"2025-04-05T23:35:00.309Z"}
{"level":"info","message":"Module has no registered students","timestamp":"2025-04-05T23:35:04.711Z"}
{"level":"info","message":"Successfully fetched modules list","timestamp":"2025-04-05T23:35:08.283Z"}
{"level":"info","message":"Successfully fetched faculties list","timestamp":"2025-04-05T23:35:08.308Z"}
{"level":"info","message":"Module has no registered students","timestamp":"2025-04-05T23:35:11.879Z"}
{"level":"error","message":"Error fetching student: Error fetching student by id","timestamp":"2025-04-09T04:08:17.383Z"}
{"level":"error","message":"Error fetching student: Error fetching student by id","timestamp":"2025-04-09T04:09:47.550Z"}
{"level":"info","message":"Fetched status list successfully","timestamp":"2025-04-09T04:11:25.442Z"}
{"level":"info","message":"Successfully fetched modules list","timestamp":"2025-04-09T04:13:25.354Z"}
{"level":"info","message":"Successfully fetched classes list","timestamp":"2025-04-09T04:21:52.003Z"}
{"level":"info","message":"Created new class successfully","timestamp":"2025-04-09T04:36:33.514Z"}
{"level":"error","message":"Error fetching students in class: Class is not associated to Student!","timestamp":"2025-04-09T17:19:53.855Z"}
{"level":"error","message":"Error fetching students in class: Class is not associated to Student!","timestamp":"2025-04-09T17:22:18.103Z"}
{"level":"error","message":"Error fetching students in class: Class is not associated to Student!","timestamp":"2025-04-09T17:22:53.681Z"}
{"level":"error","message":"Error fetching students in class: Class is not associated to Student!","timestamp":"2025-04-09T17:28:37.565Z"}
{"level":"error","message":"Error fetching students in class: Class is not associated to Student!","timestamp":"2025-04-09T17:31:33.488Z"}
{"level":"info","message":"Created new class successfully","timestamp":"2025-04-09T17:44:52.639Z"}
{"level":"info","message":"Created new registration successfully","timestamp":"2025-04-09T17:46:38.665Z"}
{"level":"error","message":"Error creating new registration: insert or update on table \"class_registrations\" violates foreign key constraint \"class_registrations_student_id_fkey\"","timestamp":"2025-04-09T17:47:02.572Z"}
{"level":"info","message":"Created new registration successfully","timestamp":"2025-04-09T17:47:07.387Z"}
{"level":"error","message":"Error creating new registration: insert or update on table \"class_registrations\" violates foreign key constraint \"class_registrations_student_id_fkey\"","timestamp":"2025-04-09T17:47:13.095Z"}
{"level":"info","message":"Created new registration successfully","timestamp":"2025-04-09T17:53:21.171Z"}
{"level":"info","message":"Created new registration successfully","timestamp":"2025-04-09T18:01:59.167Z"}
{"level":"info","message":"Fetched status list successfully","timestamp":"2025-04-10T02:47:10.434Z"}
{"level":"info","message":"Successfully fetched faculties list","timestamp":"2025-04-10T02:47:44.430Z"}
{"level":"info","message":"Successfully fetched modules list","timestamp":"2025-04-10T02:47:44.635Z"}
{"level":"info","message":"Fetched status list successfully","timestamp":"2025-04-10T02:52:54.499Z"}
{"level":"info","message":"Successfully fetched modules list","timestamp":"2025-04-10T02:52:57.721Z"}
{"level":"error","message":"Error adding new module: notNull Violation: Module.faculty_id cannot be null","timestamp":"2025-04-10T02:53:30.832Z"}
{"level":"info","message":"Successfully fetched modules list","timestamp":"2025-04-10T02:56:38.555Z"}
{"level":"info","message":"Successfully fetched faculties list","timestamp":"2025-04-10T02:56:39.997Z"}
{"level":"info","message":"Successfully fetched modules list","timestamp":"2025-04-10T02:56:40.193Z"}
{"level":"info","message":"Successfully fetched modules list","timestamp":"2025-04-10T02:56:56.372Z"}
{"level":"info","message":"Successfully fetched faculties list","timestamp":"2025-04-10T02:56:57.781Z"}
{"level":"info","message":"Successfully fetched modules list","timestamp":"2025-04-10T02:56:57.958Z"}
{"level":"info","message":"Successfully fetched modules list","timestamp":"2025-04-10T02:57:17.135Z"}
{"level":"info","message":"Successfully fetched faculties list","timestamp":"2025-04-10T02:57:18.330Z"}
{"level":"info","message":"Successfully fetched modules list","timestamp":"2025-04-10T02:57:18.504Z"}
{"level":"info","message":"Successfully fetched modules list","timestamp":"2025-04-10T02:58:01.953Z"}
{"level":"info","message":"Successfully fetched faculties list","timestamp":"2025-04-10T02:58:05.645Z"}
{"level":"info","message":"Successfully fetched modules list","timestamp":"2025-04-10T02:58:05.833Z"}
{"level":"info","message":"Successfully fetched modules list","timestamp":"2025-04-10T02:58:09.952Z"}
{"level":"info","message":"Successfully fetched faculties list","timestamp":"2025-04-10T02:58:09.960Z"}
{"level":"info","message":"Successfully fetched modules list","timestamp":"2025-04-10T02:58:46.963Z"}
{"level":"info","message":"Successfully fetched modules list","timestamp":"2025-04-10T02:58:53.602Z"}
{"level":"info","message":"Successfully fetched faculties list","timestamp":"2025-04-10T02:58:53.804Z"}
{"level":"info","message":"Successfully fetched modules list","timestamp":"2025-04-10T02:59:11.132Z"}
{"level":"info","message":"Successfully fetched faculties list","timestamp":"2025-04-10T02:59:12.220Z"}
{"level":"info","message":"Successfully fetched modules list","timestamp":"2025-04-10T02:59:12.442Z"}
{"level":"info","message":"Successfully fetched modules list","timestamp":"2025-04-10T02:59:21.654Z"}
{"level":"info","message":"Successfully fetched faculties list","timestamp":"2025-04-10T02:59:22.793Z"}
{"level":"info","message":"Successfully fetched modules list","timestamp":"2025-04-10T02:59:22.991Z"}
{"level":"info","message":"Successfully fetched modules list","timestamp":"2025-04-10T03:00:09.637Z"}
{"level":"info","message":"Successfully fetched faculties list","timestamp":"2025-04-10T03:00:14.417Z"}
{"level":"info","message":"Successfully fetched modules list","timestamp":"2025-04-10T03:00:14.623Z"}
{"level":"info","message":"Successfully fetched modules list","timestamp":"2025-04-10T03:00:33.918Z"}
{"level":"info","message":"Successfully fetched faculties list","timestamp":"2025-04-10T03:00:34.729Z"}
{"level":"info","message":"Successfully fetched modules list","timestamp":"2025-04-10T03:00:34.902Z"}
{"level":"info","message":"Added new module successfully","timestamp":"2025-04-10T03:01:16.522Z"}
{"level":"info","message":"Successfully fetched modules list","timestamp":"2025-04-10T03:01:18.772Z"}
{"level":"error","message":"Error creating new class: notNull Violation: Class.schedule cannot be null,\nnotNull Violation: Class.classroom cannot be null","timestamp":"2025-04-10T03:02:59.389Z"}
{"level":"info","message":"Successfully fetched modules list","timestamp":"2025-04-10T03:05:19.333Z"}
{"level":"info","message":"Created new class successfully","timestamp":"2025-04-10T03:06:23.307Z"}
{"level":"info","message":"Successfully fetched faculties list","timestamp":"2025-04-10T03:15:28.077Z"}
{"level":"info","message":"Successfully fetched modules list","timestamp":"2025-04-10T03:15:28.293Z"}
{"level":"info","message":"Successfully fetched faculties list","timestamp":"2025-04-10T03:16:49.601Z"}
{"level":"info","message":"Successfully fetched modules list","timestamp":"2025-04-10T03:16:49.603Z"}
{"level":"info","message":"Successfully fetched faculties list","timestamp":"2025-04-10T03:17:03.700Z"}
{"level":"info","message":"Successfully fetched modules list","timestamp":"2025-04-10T03:17:03.887Z"}
{"level":"info","message":"Successfully fetched modules list","timestamp":"2025-04-10T03:17:05.090Z"}
{"level":"info","message":"Successfully fetched faculties list","timestamp":"2025-04-10T03:17:05.091Z"}
{"level":"info","message":"Successfully fetched faculties list","timestamp":"2025-04-10T03:17:09.232Z"}
{"level":"info","message":"Successfully fetched modules list","timestamp":"2025-04-10T03:17:09.233Z"}
{"level":"info","message":"Successfully fetched faculties list","timestamp":"2025-04-10T03:17:11.504Z"}
{"level":"info","message":"Successfully fetched modules list","timestamp":"2025-04-10T03:17:11.505Z"}
{"level":"info","message":"Successfully fetched faculties list","timestamp":"2025-04-10T03:17:13.521Z"}
{"level":"info","message":"Successfully fetched modules list","timestamp":"2025-04-10T03:17:13.522Z"}
{"level":"info","message":"Successfully fetched faculties list","timestamp":"2025-04-10T03:18:42.818Z"}
{"level":"info","message":"Successfully fetched modules list","timestamp":"2025-04-10T03:19:30.937Z"}
{"level":"info","message":"Successfully fetched faculties list","timestamp":"2025-04-10T03:20:25.206Z"}
{"level":"info","message":"Successfully fetched faculties list","timestamp":"2025-04-10T03:20:54.682Z"}
{"level":"info","message":"Successfully fetched modules list","timestamp":"2025-04-10T03:20:54.857Z"}
{"level":"info","message":"Successfully fetched faculties list","timestamp":"2025-04-10T03:21:03.589Z"}
{"level":"info","message":"Successfully fetched modules list","timestamp":"2025-04-10T03:21:03.596Z"}
{"level":"info","message":"Successfully fetched modules list","timestamp":"2025-04-10T03:22:52.014Z"}
{"level":"info","message":"Successfully fetched faculties list","timestamp":"2025-04-10T03:22:52.192Z"}
{"level":"info","message":"Successfully fetched faculties list","timestamp":"2025-04-10T03:22:53.612Z"}
{"level":"info","message":"Successfully fetched modules list","timestamp":"2025-04-10T03:22:53.616Z"}
{"level":"info","message":"Successfully fetched faculties list","timestamp":"2025-04-10T03:23:21.187Z"}
{"level":"info","message":"Successfully fetched modules list","timestamp":"2025-04-10T03:23:21.189Z"}
{"level":"info","message":"Successfully fetched modules list","timestamp":"2025-04-10T03:23:21.370Z"}
{"level":"info","message":"Successfully fetched faculties list","timestamp":"2025-04-10T03:23:21.413Z"}
{"level":"info","message":"Successfully fetched modules list","timestamp":"2025-04-10T03:23:30.496Z"}
{"level":"info","message":"Successfully fetched faculties list","timestamp":"2025-04-10T03:23:30.497Z"}
{"level":"info","message":"Successfully fetched modules list","timestamp":"2025-04-10T03:23:31.928Z"}
{"level":"info","message":"Successfully fetched faculties list","timestamp":"2025-04-10T03:23:31.930Z"}
{"level":"info","message":"Successfully fetched modules list","timestamp":"2025-04-10T03:23:33.008Z"}
{"level":"info","message":"Successfully fetched faculties list","timestamp":"2025-04-10T03:23:33.010Z"}
{"level":"info","message":"Added new module successfully","timestamp":"2025-04-10T03:23:45.830Z"}
{"level":"info","message":"Successfully fetched modules list","timestamp":"2025-04-10T03:23:47.547Z"}
{"level":"info","message":"Successfully fetched modules list","timestamp":"2025-04-10T03:23:58.433Z"}
{"level":"info","message":"Successfully fetched faculties list","timestamp":"2025-04-10T03:23:58.435Z"}
{"level":"info","message":"Successfully fetched modules list","timestamp":"2025-04-10T03:25:29.975Z"}
{"level":"info","message":"Successfully fetched modules list","timestamp":"2025-04-10T03:26:32.190Z"}
{"level":"info","message":"Successfully fetched faculties list","timestamp":"2025-04-10T03:26:33.903Z"}
{"level":"info","message":"Successfully fetched modules list","timestamp":"2025-04-10T03:26:34.087Z"}
{"level":"info","message":"Successfully fetched faculties list","timestamp":"2025-04-10T03:26:57.404Z"}
{"level":"info","message":"Successfully fetched modules list","timestamp":"2025-04-10T03:26:57.608Z"}
{"level":"info","message":"Successfully fetched modules list","timestamp":"2025-04-10T03:27:02.078Z"}
{"level":"info","message":"Successfully fetched modules list","timestamp":"2025-04-10T03:27:04.551Z"}
{"level":"info","message":"Successfully fetched faculties list","timestamp":"2025-04-10T03:27:04.552Z"}
{"level":"info","message":"Successfully fetched faculties list","timestamp":"2025-04-10T03:27:11.388Z"}
{"level":"info","message":"Successfully fetched modules list","timestamp":"2025-04-10T03:27:11.391Z"}
{"level":"info","message":"Successfully fetched modules list","timestamp":"2025-04-10T03:27:13.812Z"}
{"level":"info","message":"Successfully fetched faculties list","timestamp":"2025-04-10T03:27:13.813Z"}
{"level":"info","message":"Successfully fetched modules list","timestamp":"2025-04-10T03:27:31.534Z"}
{"level":"info","message":"Successfully fetched faculties list","timestamp":"2025-04-10T03:27:31.859Z"}
{"level":"info","message":"Successfully fetched modules list","timestamp":"2025-04-10T03:27:33.274Z"}
{"level":"info","message":"Successfully fetched faculties list","timestamp":"2025-04-10T03:27:33.276Z"}
{"level":"info","message":"Successfully fetched faculties list","timestamp":"2025-04-10T03:27:38.425Z"}
{"level":"info","message":"Successfully fetched modules list","timestamp":"2025-04-10T03:27:38.426Z"}
{"level":"info","message":"Successfully fetched modules list","timestamp":"2025-04-10T03:27:41.724Z"}
{"level":"info","message":"Successfully fetched faculties list","timestamp":"2025-04-10T03:27:41.754Z"}
{"level":"info","message":"Successfully fetched faculties list","timestamp":"2025-04-10T03:27:44.669Z"}
{"level":"info","message":"Successfully fetched modules list","timestamp":"2025-04-10T03:27:44.714Z"}
{"level":"info","message":"Successfully fetched faculties list","timestamp":"2025-04-10T03:27:47.826Z"}
{"level":"info","message":"Successfully fetched modules list","timestamp":"2025-04-10T03:27:47.828Z"}
{"level":"info","message":"Successfully fetched modules list","timestamp":"2025-04-10T03:27:50.448Z"}
{"level":"info","message":"Successfully fetched modules list","timestamp":"2025-04-10T03:27:51.715Z"}
{"level":"info","message":"Successfully fetched faculties list","timestamp":"2025-04-10T03:27:51.716Z"}
{"level":"info","message":"Successfully fetched faculties list","timestamp":"2025-04-10T03:28:12.154Z"}
{"level":"info","message":"Successfully fetched modules list","timestamp":"2025-04-10T03:28:12.156Z"}
{"level":"info","message":"Added new module successfully","timestamp":"2025-04-10T03:28:39.410Z"}
{"level":"info","message":"Successfully fetched modules list","timestamp":"2025-04-10T03:28:40.773Z"}
{"level":"info","message":"Successfully fetched faculties list","timestamp":"2025-04-10T03:28:42.621Z"}
{"level":"info","message":"Successfully fetched modules list","timestamp":"2025-04-10T03:28:42.795Z"}
{"level":"info","message":"Successfully fetched faculties list","timestamp":"2025-04-10T03:29:22.606Z"}
{"level":"info","message":"Successfully fetched modules list","timestamp":"2025-04-10T03:29:22.787Z"}
{"level":"info","message":"Successfully fetched modules list","timestamp":"2025-04-10T03:33:11.233Z"}
{"level":"info","message":"Successfully fetched faculties list","timestamp":"2025-04-10T03:33:13.367Z"}
{"level":"info","message":"Successfully fetched modules list","timestamp":"2025-04-10T03:33:13.578Z"}
{"level":"info","message":"Successfully fetched faculties list","timestamp":"2025-04-10T03:33:27.824Z"}
{"level":"info","message":"Successfully fetched modules list","timestamp":"2025-04-10T03:33:28.000Z"}
{"level":"info","message":"Successfully fetched faculties list","timestamp":"2025-04-10T03:33:53.255Z"}
{"level":"info","message":"Successfully fetched modules list","timestamp":"2025-04-10T03:33:53.443Z"}
{"level":"info","message":"Successfully fetched modules list","timestamp":"2025-04-10T03:33:58.098Z"}
{"level":"info","message":"Successfully fetched faculties list","timestamp":"2025-04-10T03:33:58.100Z"}
{"level":"info","message":"Successfully fetched modules list","timestamp":"2025-04-10T03:34:11.849Z"}
{"level":"info","message":"Successfully fetched faculties list","timestamp":"2025-04-10T03:34:13.293Z"}
{"level":"info","message":"Successfully fetched modules list","timestamp":"2025-04-10T03:34:13.477Z"}
{"level":"info","message":"Successfully fetched faculties list","timestamp":"2025-04-10T03:34:49.794Z"}
{"level":"info","message":"Successfully fetched modules list","timestamp":"2025-04-10T03:34:50.084Z"}
{"level":"info","message":"Successfully fetched faculties list","timestamp":"2025-04-10T03:35:07.901Z"}
{"level":"info","message":"Successfully fetched modules list","timestamp":"2025-04-10T03:35:08.075Z"}
{"level":"info","message":"Successfully fetched faculties list","timestamp":"2025-04-10T03:36:00.153Z"}
{"level":"info","message":"Successfully fetched modules list","timestamp":"2025-04-10T03:36:00.167Z"}
{"level":"info","message":"Successfully fetched modules list","timestamp":"2025-04-10T03:36:59.517Z"}
{"level":"info","message":"Successfully fetched faculties list","timestamp":"2025-04-10T03:37:01.897Z"}
{"level":"info","message":"Successfully fetched modules list","timestamp":"2025-04-10T03:37:02.070Z"}
{"level":"info","message":"Successfully fetched modules list","timestamp":"2025-04-10T03:37:04.444Z"}
{"level":"info","message":"Successfully fetched faculties list","timestamp":"2025-04-10T03:37:04.477Z"}
{"level":"info","message":"Successfully fetched modules list","timestamp":"2025-04-10T03:37:06.735Z"}
{"level":"info","message":"Successfully fetched faculties list","timestamp":"2025-04-10T03:37:06.737Z"}
{"level":"info","message":"Successfully fetched faculties list","timestamp":"2025-04-10T03:37:08.583Z"}
{"level":"info","message":"Successfully fetched modules list","timestamp":"2025-04-10T03:37:08.615Z"}
{"level":"info","message":"Successfully fetched faculties list","timestamp":"2025-04-10T03:37:15.334Z"}
{"level":"info","message":"Successfully fetched modules list","timestamp":"2025-04-10T03:37:15.340Z"}
{"level":"info","message":"Successfully fetched faculties list","timestamp":"2025-04-10T03:37:21.638Z"}
{"level":"info","message":"Successfully fetched modules list","timestamp":"2025-04-10T03:37:21.645Z"}
{"level":"info","message":"Successfully fetched modules list","timestamp":"2025-04-10T03:40:07.455Z"}
{"level":"info","message":"Successfully fetched faculties list","timestamp":"2025-04-10T03:40:09.140Z"}
{"level":"info","message":"Successfully fetched modules list","timestamp":"2025-04-10T03:40:09.341Z"}
{"level":"info","message":"Successfully fetched modules list","timestamp":"2025-04-10T03:40:12.398Z"}
{"level":"info","message":"Successfully fetched faculties list","timestamp":"2025-04-10T03:40:12.399Z"}
{"level":"info","message":"Successfully fetched modules list","timestamp":"2025-04-10T03:44:27.005Z"}
{"level":"info","message":"Successfully fetched faculties list","timestamp":"2025-04-10T03:44:29.709Z"}
{"level":"info","message":"Successfully fetched modules list","timestamp":"2025-04-10T03:44:29.907Z"}
{"level":"info","message":"Successfully fetched modules list","timestamp":"2025-04-10T03:45:07.280Z"}
{"level":"info","message":"Successfully fetched faculties list","timestamp":"2025-04-10T03:45:16.932Z"}
{"level":"info","message":"Successfully fetched modules list","timestamp":"2025-04-10T03:45:17.107Z"}
{"level":"info","message":"Module has no registered students","timestamp":"2025-04-10T03:45:43.438Z"}
{"level":"info","message":"Successfully fetched modules list","timestamp":"2025-04-10T03:45:46.369Z"}
{"level":"info","message":"Successfully fetched modules list","timestamp":"2025-04-10T03:45:49.551Z"}
{"level":"info","message":"Successfully fetched faculties list","timestamp":"2025-04-10T03:45:49.756Z"}
{"level":"info","message":"Successfully fetched modules list","timestamp":"2025-04-10T03:45:52.415Z"}
{"level":"info","message":"Successfully fetched faculties list","timestamp":"2025-04-10T03:45:52.416Z"}
{"level":"info","message":"Module has registered students","timestamp":"2025-04-10T03:45:55.735Z"}
{"level":"info","message":"Successfully fetched modules list","timestamp":"2025-04-10T03:46:21.004Z"}
{"level":"info","message":"Successfully fetched faculties list","timestamp":"2025-04-10T03:46:21.005Z"}
{"level":"info","message":"Successfully fetched modules list","timestamp":"2025-04-10T03:46:24.227Z"}
{"level":"info","message":"Successfully fetched faculties list","timestamp":"2025-04-10T03:46:24.228Z"}
{"level":"info","message":"Successfully fetched modules list","timestamp":"2025-04-10T03:50:51.494Z"}
{"level":"info","message":"Successfully fetched faculties list","timestamp":"2025-04-10T03:50:55.866Z"}
{"level":"info","message":"Successfully fetched modules list","timestamp":"2025-04-10T03:50:56.074Z"}
{"level":"info","message":"Added new module successfully","timestamp":"2025-04-10T03:51:17.221Z"}
{"level":"info","message":"Successfully fetched modules list","timestamp":"2025-04-10T03:51:18.861Z"}
{"level":"info","message":"Successfully fetched faculties list","timestamp":"2025-04-10T03:52:17.912Z"}
{"level":"info","message":"Successfully fetched modules list","timestamp":"2025-04-10T03:52:18.116Z"}
{"level":"info","message":"Module has no registered students","timestamp":"2025-04-10T03:52:21.953Z"}
{"level":"info","message":"Successfully fetched modules list","timestamp":"2025-04-10T03:52:24.026Z"}
{"level":"info","message":"Successfully fetched faculties list","timestamp":"2025-04-10T03:52:34.704Z"}
{"level":"info","message":"Successfully fetched modules list","timestamp":"2025-04-10T03:52:34.706Z"}
{"level":"info","message":"Module has no registered students","timestamp":"2025-04-10T03:52:47.228Z"}
{"level":"info","message":"Successfully fetched modules list","timestamp":"2025-04-10T03:52:49.249Z"}
{"level":"info","message":"Successfully fetched modules list","timestamp":"2025-04-10T03:53:35.381Z"}
{"level":"info","message":"Successfully fetched modules list","timestamp":"2025-04-10T04:04:58.430Z"}
{"level":"info","message":"Successfully fetched modules list","timestamp":"2025-04-10T04:06:01.152Z"}
{"level":"info","message":"Successfully fetched modules list","timestamp":"2025-04-10T04:06:49.098Z"}
{"level":"info","message":"Successfully fetched faculties list","timestamp":"2025-04-10T04:09:48.081Z"}
{"level":"info","message":"Successfully fetched modules list","timestamp":"2025-04-10T04:09:48.288Z"}
{"level":"info","message":"Successfully fetched modules list","timestamp":"2025-04-10T04:09:51.914Z"}
{"level":"info","message":"Successfully fetched faculties list","timestamp":"2025-04-10T04:09:51.917Z"}
{"level":"info","message":"Module has no registered students","timestamp":"2025-04-10T04:10:00.106Z"}
{"level":"info","message":"Successfully fetched modules list","timestamp":"2025-04-10T04:10:02.548Z"}
{"level":"info","message":"Successfully fetched modules list","timestamp":"2025-04-10T04:11:51.027Z"}
{"level":"info","message":"Successfully fetched modules list","timestamp":"2025-04-10T04:12:44.501Z"}
{"level":"info","message":"Successfully fetched modules list","timestamp":"2025-04-10T04:16:29.706Z"}
{"level":"info","message":"Successfully fetched modules list","timestamp":"2025-04-10T04:18:16.139Z"}
{"level":"info","message":"Successfully fetched modules list","timestamp":"2025-04-10T04:54:49.666Z"}
{"level":"info","message":"Successfully fetched modules list","timestamp":"2025-04-10T04:58:21.756Z"}
{"level":"info","message":"Successfully fetched faculties list","timestamp":"2025-04-10T04:58:21.932Z"}
{"level":"info","message":"Module has no registered students","timestamp":"2025-04-10T04:58:29.384Z"}
{"level":"info","message":"Successfully fetched modules list","timestamp":"2025-04-10T04:58:31.056Z"}
{"level":"info","message":"Successfully fetched modules list","timestamp":"2025-04-10T04:58:51.558Z"}
{"level":"info","message":"Successfully fetched modules list","timestamp":"2025-04-10T05:01:20.688Z"}
{"level":"info","message":"Successfully fetched modules list","timestamp":"2025-04-10T05:03:18.852Z"}
{"level":"info","message":"Successfully fetched modules list","timestamp":"2025-04-10T05:03:37.792Z"}
{"level":"info","message":"Successfully fetched modules list","timestamp":"2025-04-10T05:03:59.733Z"}
{"level":"info","message":"Successfully fetched modules list","timestamp":"2025-04-10T05:04:27.827Z"}
{"level":"info","message":"Successfully fetched modules list","timestamp":"2025-04-10T05:05:36.322Z"}
{"level":"info","message":"Successfully fetched modules list","timestamp":"2025-04-10T05:05:40.671Z"}
{"level":"info","message":"Successfully fetched modules list","timestamp":"2025-04-10T05:06:53.661Z"}
{"level":"info","message":"Successfully fetched faculties list","timestamp":"2025-04-10T05:06:53.856Z"}
{"level":"info","message":"Module has no registered students","timestamp":"2025-04-10T05:06:58.565Z"}
{"level":"info","message":"Successfully fetched modules list","timestamp":"2025-04-10T05:07:00.216Z"}
{"level":"info","message":"Successfully fetched modules list","timestamp":"2025-04-10T05:08:10.078Z"}
{"level":"info","message":"Successfully fetched modules list","timestamp":"2025-04-10T05:10:12.149Z"}
{"level":"info","message":"Successfully fetched modules list","timestamp":"2025-04-10T05:10:43.012Z"}
{"level":"info","message":"Successfully fetched modules list","timestamp":"2025-04-10T05:11:59.331Z"}
{"level":"info","message":"Successfully fetched modules list","timestamp":"2025-04-10T05:12:15.317Z"}
{"level":"info","message":"Successfully fetched modules list","timestamp":"2025-04-10T05:13:43.685Z"}
{"level":"info","message":"Successfully fetched faculties list","timestamp":"2025-04-10T05:15:19.322Z"}
{"level":"info","message":"Successfully fetched modules list","timestamp":"2025-04-10T05:15:19.498Z"}
{"level":"info","message":"Successfully fetched modules list","timestamp":"2025-04-10T05:15:24.696Z"}
{"level":"info","message":"Successfully fetched faculties list","timestamp":"2025-04-10T05:15:24.697Z"}
{"level":"info","message":"Module has no registered students","timestamp":"2025-04-10T05:15:31.758Z"}
{"level":"info","message":"Successfully fetched modules list","timestamp":"2025-04-10T05:15:33.574Z"}
{"level":"info","message":"Successfully fetched modules list","timestamp":"2025-04-10T05:16:11.880Z"}
{"level":"info","message":"Successfully fetched modules list","timestamp":"2025-04-10T05:16:40.151Z"}
{"level":"info","message":"Successfully fetched faculties list","timestamp":"2025-04-10T05:16:44.006Z"}
{"level":"info","message":"Successfully fetched modules list","timestamp":"2025-04-10T05:16:44.189Z"}
{"level":"info","message":"Module has no registered students","timestamp":"2025-04-10T05:16:48.015Z"}
{"level":"info","message":"Successfully fetched modules list","timestamp":"2025-04-10T05:16:49.581Z"}
{"level":"info","message":"Successfully fetched modules list","timestamp":"2025-04-10T05:16:59.955Z"}
{"level":"info","message":"Successfully fetched faculties list","timestamp":"2025-04-10T05:17:00.153Z"}
{"level":"info","message":"Module has no registered students","timestamp":"2025-04-10T05:17:04.130Z"}
{"level":"info","message":"Successfully fetched modules list","timestamp":"2025-04-10T05:17:05.974Z"}
{"level":"info","message":"Successfully fetched modules list","timestamp":"2025-04-10T05:21:02.451Z"}
{"level":"info","message":"Successfully fetched modules list","timestamp":"2025-04-10T05:37:58.332Z"}
{"level":"info","message":"Successfully fetched modules list","timestamp":"2025-04-10T05:38:30.280Z"}
{"level":"info","message":"Successfully fetched modules list","timestamp":"2025-04-10T05:39:06.942Z"}
{"level":"info","message":"Successfully fetched modules list","timestamp":"2025-04-10T05:41:24.420Z"}
{"level":"info","message":"Successfully fetched modules list","timestamp":"2025-04-10T05:48:07.443Z"}
