{"level":"error","message":"Error adding new module: Validation error","timestamp":"2025-03-31T02:31:04.178Z"}
{"level":"error","message":"Error adding new module: Validation error","timestamp":"2025-03-31T02:31:53.940Z"}
{"level":"error","message":"Error adding new module: Validation error","timestamp":"2025-03-31T02:33:48.340Z"}
{"level":"error","message":"Error adding new module: Validation error","timestamp":"2025-03-31T02:34:01.968Z"}
{"level":"error","message":"Error adding new module: Validation error","timestamp":"2025-03-31T02:37:10.004Z"}
{"level":"error","message":"Error adding new module: Validation error","timestamp":"2025-03-31T02:38:16.523Z"}
{"level":"error","message":"Error adding new module: Validation error","timestamp":"2025-03-31T02:39:46.839Z"}
{"level":"error","message":"Error adding new module: Validation error","timestamp":"2025-03-31T02:39:52.588Z"}
{"level":"error","message":"Error adding new module: Validation error","timestamp":"2025-03-31T02:39:55.817Z"}
{"level":"error","message":"Error adding new module: Validation error","timestamp":"2025-03-31T02:39:59.207Z"}
{"level":"error","message":"Error updating module: Module not found","timestamp":"2025-03-31T02:41:46.421Z"}
{"level":"error","message":"Error adding new module: Validation error: Validation min on credits failed","timestamp":"2025-03-31T02:51:15.806Z"}
{"level":"error","message":"Error adding new module: Validation error: Validation min on credits failed","timestamp":"2025-03-31T02:52:16.959Z"}
{"level":"error","message":"Error adding new module: Validation error: Validation min on credits failed","timestamp":"2025-03-31T02:53:06.661Z"}
{"level":"error","message":"Error adding new module: Validation error: Validation min on credits failed","timestamp":"2025-03-31T02:54:02.337Z"}
{"level":"error","message":"Error checking module age: Module not found","timestamp":"2025-03-31T03:24:50.406Z"}
{"level":"error","message":"Error updating module: Validation error: Validation min on credits failed","timestamp":"2025-03-31T03:27:29.470Z"}
{"level":"error","message":"Error updating module: Validation error: Validation min on credits failed","timestamp":"2025-03-31T03:27:35.751Z"}
{"level":"error","message":"Error fetching module by ID: Module not found","timestamp":"2025-03-31T03:46:19.561Z"}
{"level":"error","message":"Error creating new registration: Validation error","timestamp":"2025-03-31T06:30:24.926Z"}
{"level":"error","message":"Error creating new registration: Validation error","timestamp":"2025-03-31T06:30:26.778Z"}
{"level":"error","message":"Error creating new registration: Validation error","timestamp":"2025-03-31T06:30:27.615Z"}
{"level":"error","message":"Error creating new registration: Validation error","timestamp":"2025-03-31T06:30:28.335Z"}
{"level":"error","message":"Error creating new registration: Validation error","timestamp":"2025-03-31T06:30:28.995Z"}
{"level":"error","message":"Error creating new registration: Validation error","timestamp":"2025-03-31T06:30:29.677Z"}
{"level":"error","message":"Error creating new registration: Validation error","timestamp":"2025-03-31T06:30:30.325Z"}
{"level":"error","message":"Error creating new registration: Validation error","timestamp":"2025-03-31T06:30:31.014Z"}
{"level":"error","message":"Error creating new registration: Validation error","timestamp":"2025-03-31T06:30:31.705Z"}
{"level":"error","message":"Error creating new registration: Validation error","timestamp":"2025-03-31T06:30:32.345Z"}
{"level":"error","message":"Error creating new registration: Validation error","timestamp":"2025-03-31T06:30:33.005Z"}
{"level":"error","message":"Error creating new registration: Validation error","timestamp":"2025-03-31T06:30:38.575Z"}
{"level":"error","message":"Error creating new registration: Validation error","timestamp":"2025-03-31T06:30:39.314Z"}
{"level":"error","message":"Error creating new registration: Validation error","timestamp":"2025-03-31T06:30:40.054Z"}
{"level":"error","message":"Error creating new registration: Validation error","timestamp":"2025-03-31T06:30:40.827Z"}
{"level":"error","message":"Error creating new registration: Validation error","timestamp":"2025-03-31T06:30:41.364Z"}
{"level":"error","message":"Error checking registered students: ClassRegistration is associated to Class using an alias. You must use the 'as' keyword to specify the alias within your include statement.","timestamp":"2025-03-31T07:46:19.815Z"}
{"level":"error","message":"Error fetching student grades: column \"nan\" does not exist","timestamp":"2025-03-31T08:14:28.774Z"}
{"level":"error","message":"Error exporting grades: Error fetching student grades: column \"nan\" does not exist","timestamp":"2025-03-31T08:14:28.790Z"}
{"level":"error","message":"Error fetching student grades: column \"nan\" does not exist","timestamp":"2025-03-31T08:15:25.683Z"}
{"level":"error","message":"Error exporting grades: Error fetching student grades: column \"nan\" does not exist","timestamp":"2025-03-31T08:15:25.696Z"}
{"level":"error","message":"Error fetching student grades: column \"nan\" does not exist","timestamp":"2025-03-31T08:16:00.193Z"}
{"level":"error","message":"Error exporting grades: Error fetching student grades: column \"nan\" does not exist","timestamp":"2025-03-31T08:16:00.206Z"}
{"level":"error","message":"Error fetching student grades: column \"nan\" does not exist","timestamp":"2025-03-31T08:16:27.611Z"}
{"level":"error","message":"Error exporting grades: Error fetching student grades: column \"nan\" does not exist","timestamp":"2025-03-31T08:16:27.626Z"}
{"level":"error","message":"Error fetching student grades: No grades found for the student","timestamp":"2025-03-31T08:19:32.361Z"}
{"level":"error","message":"Error exporting grades: Error fetching student grades: No grades found for the student","timestamp":"2025-03-31T08:19:32.365Z"}
{"level":"error","message":"Error fetching student grades: No grades found for the student","timestamp":"2025-03-31T08:19:58.735Z"}
{"level":"error","message":"Error exporting grades: Error fetching student grades: No grades found for the student","timestamp":"2025-03-31T08:19:58.743Z"}
{"level":"error","message":"Error fetching student: Error fetching student by id","timestamp":"2025-04-09T04:08:17.383Z"}
{"level":"error","message":"Error fetching student: Error fetching student by id","timestamp":"2025-04-09T04:09:47.550Z"}
{"level":"error","message":"Error fetching students in class: Class is not associated to Student!","timestamp":"2025-04-09T17:19:53.855Z"}
{"level":"error","message":"Error fetching students in class: Class is not associated to Student!","timestamp":"2025-04-09T17:22:18.103Z"}
{"level":"error","message":"Error fetching students in class: Class is not associated to Student!","timestamp":"2025-04-09T17:22:53.681Z"}
{"level":"error","message":"Error fetching students in class: Class is not associated to Student!","timestamp":"2025-04-09T17:28:37.565Z"}
{"level":"error","message":"Error fetching students in class: Class is not associated to Student!","timestamp":"2025-04-09T17:31:33.488Z"}
{"level":"error","message":"Error creating new registration: insert or update on table \"class_registrations\" violates foreign key constraint \"class_registrations_student_id_fkey\"","timestamp":"2025-04-09T17:47:02.572Z"}
{"level":"error","message":"Error creating new registration: insert or update on table \"class_registrations\" violates foreign key constraint \"class_registrations_student_id_fkey\"","timestamp":"2025-04-09T17:47:13.095Z"}
